<?xml version="1.0" encoding="UTF-8"?>
<!-- Generated by org.testng.reporters.JUnitXMLReporter -->
<testsuite ignored="0" hostname="DESKTOP-H41JRIE" failures="0" tests="6" name="Chrome Tests" time="116.463" errors="0" timestamp="2025-06-06T10:46:46 IST">
  <testcase classname="com.nixonex.tests.RegisterTest" name="testUserRegistration" time="4.226"/>
  <testcase classname="com.nixonex.tests.LoginTest" name="testValidLogin" time="6.898"/>
  <testcase classname="com.nixonex.tests.ProductSearchTest" name="testBrowseAndSelectProduct" time="9.595"/>
  <testcase classname="com.nixonex.tests.AddToCartTest" name="testAddProductToCart" time="11.792"/>
  <testcase classname="com.nixonex.tests.CheckOutTest" name="testCheckoutProcess" time="15.504"/>
  <testcase classname="com.nixonex.tests.EndToEndTest" name="nixonnexEndToEndTest" time="25.793"/>
</testsuite> <!-- Chrome Tests -->
