<?xml version="1.0" encoding="UTF-8"?>
<!-- Generated by org.testng.reporters.JUnitXMLReporter -->
<testsuite ignored="0" hostname="DESKTOP-H41JRIE" failures="0" tests="6" name="Chrome Tests" time="94.453" errors="0" timestamp="2025-06-09T11:11:27 IST">
  <testcase classname="com.nixonex.tests.RegisterTest" name="testUserRegistration" time="4.043"/>
  <testcase classname="com.nixonex.tests.LoginTest" name="testValidLogin" time="6.813"/>
  <testcase classname="com.nixonex.tests.ProductSearchTest" name="testBrowseAndSelectProduct" time="9.432"/>
  <testcase classname="com.nixonex.tests.AddToCartTest" name="testAddProductToCart" time="11.813"/>
  <testcase classname="com.nixonex.tests.CheckOutTest" name="testCheckoutProcess" time="15.88"/>
  <testcase classname="com.nixonex.tests.EndToEndTest" name="nixonnexEndToEndTest" time="25.838"/>
</testsuite> <!-- Chrome Tests -->
