<?xml version="1.0" encoding="UTF-8"?>
<!-- Generated by org.testng.reporters.JUnitXMLReporter -->
<testsuite ignored="0" hostname="DESKTOP-H41JRIE" failures="0" tests="6" name="Firefox Tests" time="124.8" errors="0" timestamp="2025-06-06T10:48:51 IST">
  <testcase classname="com.nixonex.tests.RegisterTest" name="testUserRegistration" time="3.988"/>
  <testcase classname="com.nixonex.tests.LoginTest" name="testValidLogin" time="6.94"/>
  <testcase classname="com.nixonex.tests.ProductSearchTest" name="testBrowseAndSelectProduct" time="9.542"/>
  <testcase classname="com.nixonex.tests.AddToCartTest" name="testAddProductToCart" time="12.191"/>
  <testcase classname="com.nixonex.tests.CheckOutTest" name="testCheckoutProcess" time="15.798"/>
  <testcase classname="com.nixonex.tests.EndToEndTest" name="nixonnexEndToEndTest" time="26.141"/>
</testsuite> <!-- Firefox Tests -->
