<?xml version="1.0" encoding="UTF-8"?>
<!-- Generated by org.testng.reporters.JUnitXMLReporter -->
<testsuite ignored="0" hostname="DESKTOP-H41JRIE" failures="0" tests="6" name="Firefox Tests" time="112.221" errors="0" timestamp="2025-06-09T11:13:19 IST">
  <testcase classname="com.nixonex.tests.RegisterTest" name="testUserRegistration" time="4.457"/>
  <testcase classname="com.nixonex.tests.LoginTest" name="testValidLogin" time="6.866"/>
  <testcase classname="com.nixonex.tests.ProductSearchTest" name="testBrowseAndSelectProduct" time="9.464"/>
  <testcase classname="com.nixonex.tests.AddToCartTest" name="testAddProductToCart" time="11.873"/>
  <testcase classname="com.nixonex.tests.CheckOutTest" name="testCheckoutProcess" time="16.078"/>
  <testcase classname="com.nixonex.tests.EndToEndTest" name="nixonnexEndToEndTest" time="26.564"/>
</testsuite> <!-- Firefox Tests -->
