<?xml version="1.0" encoding="UTF-8"?>
<testng-results ignored="0" total="12" passed="12" failed="0" skipped="0">
  <reporter-output>
  </reporter-output>
  <suite started-at="2025-06-06T10:44:49 IST" name="Nixonex E-Commerce Test Suite" finished-at="2025-06-06T10:48:51 IST" duration-ms="241304">
    <groups>
    </groups>
    <test started-at="2025-06-06T10:44:49 IST" name="Chrome Tests" finished-at="2025-06-06T10:46:46 IST" duration-ms="116463">
      <class name="com.nixonex.tests.CheckOutTest">
        <test-method is-config="true" signature="setUp(java.lang.String)[pri:0, instance:com.nixonex.tests.CheckOutTest@7db12bb6]" started-at="2025-06-06T10:46:00 IST" name="setUp" finished-at="2025-06-06T10:46:02 IST" duration-ms="2056" status="PASS">
          <params>
            <param index="0">
              <value>
                <![CDATA[chrome]]>
              </value>
            </param>
          </params>
          <reporter-output>
          </reporter-output>
        </test-method> <!-- setUp -->
        <test-method signature="testCheckoutProcess()[pri:0, instance:com.nixonex.tests.CheckOutTest@7db12bb6]" started-at="2025-06-06T10:46:02 IST" name="testCheckoutProcess" finished-at="2025-06-06T10:46:17 IST" duration-ms="15504" status="PASS">
          <reporter-output>
          </reporter-output>
        </test-method> <!-- testCheckoutProcess -->
        <test-method is-config="true" signature="tearDown()[pri:0, instance:com.nixonex.tests.CheckOutTest@7db12bb6]" started-at="2025-06-06T10:46:17 IST" name="tearDown" finished-at="2025-06-06T10:46:18 IST" duration-ms="298" status="PASS">
          <reporter-output>
          </reporter-output>
        </test-method> <!-- tearDown -->
      </class> <!-- com.nixonex.tests.CheckOutTest -->
      <class name="com.nixonex.tests.ProductSearchTest">
        <test-method is-config="true" signature="setUp(java.lang.String)[pri:0, instance:com.nixonex.tests.ProductSearchTest@52b1beb6]" started-at="2025-06-06T10:45:26 IST" name="setUp" finished-at="2025-06-06T10:45:29 IST" duration-ms="3333" status="PASS">
          <params>
            <param index="0">
              <value>
                <![CDATA[chrome]]>
              </value>
            </param>
          </params>
          <reporter-output>
          </reporter-output>
        </test-method> <!-- setUp -->
        <test-method signature="testBrowseAndSelectProduct()[pri:0, instance:com.nixonex.tests.ProductSearchTest@52b1beb6]" started-at="2025-06-06T10:45:29 IST" name="testBrowseAndSelectProduct" finished-at="2025-06-06T10:45:39 IST" duration-ms="9595" status="PASS">
          <reporter-output>
          </reporter-output>
        </test-method> <!-- testBrowseAndSelectProduct -->
        <test-method is-config="true" signature="tearDown()[pri:0, instance:com.nixonex.tests.ProductSearchTest@52b1beb6]" started-at="2025-06-06T10:45:39 IST" name="tearDown" finished-at="2025-06-06T10:45:39 IST" duration-ms="374" status="PASS">
          <reporter-output>
          </reporter-output>
        </test-method> <!-- tearDown -->
      </class> <!-- com.nixonex.tests.ProductSearchTest -->
      <class name="com.nixonex.tests.AddToCartTest">
        <test-method is-config="true" signature="setUp(java.lang.String)[pri:0, instance:com.nixonex.tests.AddToCartTest@273e7444]" started-at="2025-06-06T10:45:39 IST" name="setUp" finished-at="2025-06-06T10:45:47 IST" duration-ms="7549" status="PASS">
          <params>
            <param index="0">
              <value>
                <![CDATA[chrome]]>
              </value>
            </param>
          </params>
          <reporter-output>
          </reporter-output>
        </test-method> <!-- setUp -->
        <test-method signature="testAddProductToCart()[pri:0, instance:com.nixonex.tests.AddToCartTest@273e7444]" started-at="2025-06-06T10:45:47 IST" name="testAddProductToCart" finished-at="2025-06-06T10:45:59 IST" duration-ms="11792" status="PASS">
          <reporter-output>
          </reporter-output>
        </test-method> <!-- testAddProductToCart -->
        <test-method is-config="true" signature="tearDown()[pri:0, instance:com.nixonex.tests.AddToCartTest@273e7444]" started-at="2025-06-06T10:45:59 IST" name="tearDown" finished-at="2025-06-06T10:46:00 IST" duration-ms="1086" status="PASS">
          <reporter-output>
          </reporter-output>
        </test-method> <!-- tearDown -->
      </class> <!-- com.nixonex.tests.AddToCartTest -->
      <class name="com.nixonex.tests.EndToEndTest">
        <test-method is-config="true" signature="setUp(java.lang.String)[pri:0, instance:com.nixonex.tests.EndToEndTest@783a467b]" started-at="2025-06-06T10:46:18 IST" name="setUp" finished-at="2025-06-06T10:46:20 IST" duration-ms="2209" status="PASS">
          <params>
            <param index="0">
              <value>
                <![CDATA[chrome]]>
              </value>
            </param>
          </params>
          <reporter-output>
          </reporter-output>
        </test-method> <!-- setUp -->
        <test-method signature="nixonnexEndToEndTest()[pri:0, instance:com.nixonex.tests.EndToEndTest@783a467b]" started-at="2025-06-06T10:46:20 IST" name="nixonnexEndToEndTest" finished-at="2025-06-06T10:46:46 IST" duration-ms="25793" status="PASS">
          <reporter-output>
          </reporter-output>
        </test-method> <!-- nixonnexEndToEndTest -->
        <test-method is-config="true" signature="tearDown()[pri:0, instance:com.nixonex.tests.EndToEndTest@783a467b]" started-at="2025-06-06T10:46:46 IST" name="tearDown" finished-at="2025-06-06T10:46:46 IST" duration-ms="395" status="PASS">
          <reporter-output>
          </reporter-output>
        </test-method> <!-- tearDown -->
      </class> <!-- com.nixonex.tests.EndToEndTest -->
      <class name="com.nixonex.tests.RegisterTest">
        <test-method is-config="true" signature="setUp(java.lang.String)[pri:0, instance:com.nixonex.tests.RegisterTest@5b03b9fe]" started-at="2025-06-06T10:44:50 IST" name="setUp" finished-at="2025-06-06T10:44:57 IST" duration-ms="7385" status="PASS">
          <params>
            <param index="0">
              <value>
                <![CDATA[chrome]]>
              </value>
            </param>
          </params>
          <reporter-output>
          </reporter-output>
        </test-method> <!-- setUp -->
        <test-method signature="testUserRegistration()[pri:0, instance:com.nixonex.tests.RegisterTest@5b03b9fe]" started-at="2025-06-06T10:44:57 IST" name="testUserRegistration" finished-at="2025-06-06T10:45:01 IST" duration-ms="4226" status="PASS">
          <reporter-output>
          </reporter-output>
        </test-method> <!-- testUserRegistration -->
        <test-method is-config="true" signature="tearDown()[pri:0, instance:com.nixonex.tests.RegisterTest@5b03b9fe]" started-at="2025-06-06T10:45:01 IST" name="tearDown" finished-at="2025-06-06T10:45:02 IST" duration-ms="480" status="PASS">
          <reporter-output>
          </reporter-output>
        </test-method> <!-- tearDown -->
      </class> <!-- com.nixonex.tests.RegisterTest -->
      <class name="com.nixonex.tests.LoginTest">
        <test-method is-config="true" signature="setUp(java.lang.String)[pri:0, instance:com.nixonex.tests.LoginTest@53aac487]" started-at="2025-06-06T10:45:02 IST" name="setUp" finished-at="2025-06-06T10:45:19 IST" duration-ms="17080" status="PASS">
          <params>
            <param index="0">
              <value>
                <![CDATA[chrome]]>
              </value>
            </param>
          </params>
          <reporter-output>
          </reporter-output>
        </test-method> <!-- setUp -->
        <test-method signature="testValidLogin()[pri:0, instance:com.nixonex.tests.LoginTest@53aac487]" started-at="2025-06-06T10:45:19 IST" name="testValidLogin" finished-at="2025-06-06T10:45:26 IST" duration-ms="6898" status="PASS">
          <reporter-output>
          </reporter-output>
        </test-method> <!-- testValidLogin -->
        <test-method is-config="true" signature="tearDown()[pri:0, instance:com.nixonex.tests.LoginTest@53aac487]" started-at="2025-06-06T10:45:26 IST" name="tearDown" finished-at="2025-06-06T10:45:26 IST" duration-ms="331" status="PASS">
          <reporter-output>
          </reporter-output>
        </test-method> <!-- tearDown -->
      </class> <!-- com.nixonex.tests.LoginTest -->
    </test> <!-- Chrome Tests -->
    <test started-at="2025-06-06T10:46:46 IST" name="Firefox Tests" finished-at="2025-06-06T10:48:51 IST" duration-ms="124800">
      <class name="com.nixonex.tests.ProductSearchTest">
        <test-method is-config="true" signature="setUp(java.lang.String)[pri:0, instance:com.nixonex.tests.ProductSearchTest@2892d68]" started-at="2025-06-06T10:47:21 IST" name="setUp" finished-at="2025-06-06T10:47:27 IST" duration-ms="5449" status="PASS">
          <params>
            <param index="0">
              <value>
                <![CDATA[firefox]]>
              </value>
            </param>
          </params>
          <reporter-output>
          </reporter-output>
        </test-method> <!-- setUp -->
        <test-method signature="testBrowseAndSelectProduct()[pri:0, instance:com.nixonex.tests.ProductSearchTest@2892d68]" started-at="2025-06-06T10:47:27 IST" name="testBrowseAndSelectProduct" finished-at="2025-06-06T10:47:36 IST" duration-ms="9542" status="PASS">
          <reporter-output>
          </reporter-output>
        </test-method> <!-- testBrowseAndSelectProduct -->
        <test-method is-config="true" signature="tearDown()[pri:0, instance:com.nixonex.tests.ProductSearchTest@2892d68]" started-at="2025-06-06T10:47:36 IST" name="tearDown" finished-at="2025-06-06T10:47:38 IST" duration-ms="1930" status="PASS">
          <reporter-output>
          </reporter-output>
        </test-method> <!-- tearDown -->
      </class> <!-- com.nixonex.tests.ProductSearchTest -->
      <class name="com.nixonex.tests.CheckOutTest">
        <test-method is-config="true" signature="setUp(java.lang.String)[pri:0, instance:com.nixonex.tests.CheckOutTest@3646a422]" started-at="2025-06-06T10:47:57 IST" name="setUp" finished-at="2025-06-06T10:48:02 IST" duration-ms="5072" status="PASS">
          <params>
            <param index="0">
              <value>
                <![CDATA[firefox]]>
              </value>
            </param>
          </params>
          <reporter-output>
          </reporter-output>
        </test-method> <!-- setUp -->
        <test-method signature="testCheckoutProcess()[pri:0, instance:com.nixonex.tests.CheckOutTest@3646a422]" started-at="2025-06-06T10:48:02 IST" name="testCheckoutProcess" finished-at="2025-06-06T10:48:18 IST" duration-ms="15798" status="PASS">
          <reporter-output>
          </reporter-output>
        </test-method> <!-- testCheckoutProcess -->
        <test-method is-config="true" signature="tearDown()[pri:0, instance:com.nixonex.tests.CheckOutTest@3646a422]" started-at="2025-06-06T10:48:18 IST" name="tearDown" finished-at="2025-06-06T10:48:19 IST" duration-ms="1090" status="PASS">
          <reporter-output>
          </reporter-output>
        </test-method> <!-- tearDown -->
      </class> <!-- com.nixonex.tests.CheckOutTest -->
      <class name="com.nixonex.tests.AddToCartTest">
        <test-method is-config="true" signature="setUp(java.lang.String)[pri:0, instance:com.nixonex.tests.AddToCartTest@5ab956d7]" started-at="2025-06-06T10:47:38 IST" name="setUp" finished-at="2025-06-06T10:47:43 IST" duration-ms="5236" status="PASS">
          <params>
            <param index="0">
              <value>
                <![CDATA[firefox]]>
              </value>
            </param>
          </params>
          <reporter-output>
          </reporter-output>
        </test-method> <!-- setUp -->
        <test-method signature="testAddProductToCart()[pri:0, instance:com.nixonex.tests.AddToCartTest@5ab956d7]" started-at="2025-06-06T10:47:43 IST" name="testAddProductToCart" finished-at="2025-06-06T10:47:56 IST" duration-ms="12191" status="PASS">
          <reporter-output>
          </reporter-output>
        </test-method> <!-- testAddProductToCart -->
        <test-method is-config="true" signature="tearDown()[pri:0, instance:com.nixonex.tests.AddToCartTest@5ab956d7]" started-at="2025-06-06T10:47:56 IST" name="tearDown" finished-at="2025-06-06T10:47:57 IST" duration-ms="1108" status="PASS">
          <reporter-output>
          </reporter-output>
        </test-method> <!-- tearDown -->
      </class> <!-- com.nixonex.tests.AddToCartTest -->
      <class name="com.nixonex.tests.EndToEndTest">
        <test-method is-config="true" signature="setUp(java.lang.String)[pri:0, instance:com.nixonex.tests.EndToEndTest@750e2b97]" started-at="2025-06-06T10:48:19 IST" name="setUp" finished-at="2025-06-06T10:48:23 IST" duration-ms="4754" status="PASS">
          <params>
            <param index="0">
              <value>
                <![CDATA[firefox]]>
              </value>
            </param>
          </params>
          <reporter-output>
          </reporter-output>
        </test-method> <!-- setUp -->
        <test-method signature="nixonnexEndToEndTest()[pri:0, instance:com.nixonex.tests.EndToEndTest@750e2b97]" started-at="2025-06-06T10:48:23 IST" name="nixonnexEndToEndTest" finished-at="2025-06-06T10:48:50 IST" duration-ms="26141" status="PASS">
          <reporter-output>
          </reporter-output>
        </test-method> <!-- nixonnexEndToEndTest -->
        <test-method is-config="true" signature="tearDown()[pri:0, instance:com.nixonex.tests.EndToEndTest@750e2b97]" started-at="2025-06-06T10:48:50 IST" name="tearDown" finished-at="2025-06-06T10:48:51 IST" duration-ms="1257" status="PASS">
          <reporter-output>
          </reporter-output>
        </test-method> <!-- tearDown -->
      </class> <!-- com.nixonex.tests.EndToEndTest -->
      <class name="com.nixonex.tests.RegisterTest">
        <test-method is-config="true" signature="setUp(java.lang.String)[pri:0, instance:com.nixonex.tests.RegisterTest@4145bad8]" started-at="2025-06-06T10:46:46 IST" name="setUp" finished-at="2025-06-06T10:47:03 IST" duration-ms="17026" status="PASS">
          <params>
            <param index="0">
              <value>
                <![CDATA[firefox]]>
              </value>
            </param>
          </params>
          <reporter-output>
          </reporter-output>
        </test-method> <!-- setUp -->
        <test-method signature="testUserRegistration()[pri:0, instance:com.nixonex.tests.RegisterTest@4145bad8]" started-at="2025-06-06T10:47:03 IST" name="testUserRegistration" finished-at="2025-06-06T10:47:07 IST" duration-ms="3988" status="PASS">
          <reporter-output>
          </reporter-output>
        </test-method> <!-- testUserRegistration -->
        <test-method is-config="true" signature="tearDown()[pri:0, instance:com.nixonex.tests.RegisterTest@4145bad8]" started-at="2025-06-06T10:47:07 IST" name="tearDown" finished-at="2025-06-06T10:47:08 IST" duration-ms="942" status="PASS">
          <reporter-output>
          </reporter-output>
        </test-method> <!-- tearDown -->
      </class> <!-- com.nixonex.tests.RegisterTest -->
      <class name="com.nixonex.tests.LoginTest">
        <test-method is-config="true" signature="setUp(java.lang.String)[pri:0, instance:com.nixonex.tests.LoginTest@d86a6f]" started-at="2025-06-06T10:47:08 IST" name="setUp" finished-at="2025-06-06T10:47:13 IST" duration-ms="5198" status="PASS">
          <params>
            <param index="0">
              <value>
                <![CDATA[firefox]]>
              </value>
            </param>
          </params>
          <reporter-output>
          </reporter-output>
        </test-method> <!-- setUp -->
        <test-method signature="testValidLogin()[pri:0, instance:com.nixonex.tests.LoginTest@d86a6f]" started-at="2025-06-06T10:47:13 IST" name="testValidLogin" finished-at="2025-06-06T10:47:20 IST" duration-ms="6940" status="PASS">
          <reporter-output>
          </reporter-output>
        </test-method> <!-- testValidLogin -->
        <test-method is-config="true" signature="tearDown()[pri:0, instance:com.nixonex.tests.LoginTest@d86a6f]" started-at="2025-06-06T10:47:20 IST" name="tearDown" finished-at="2025-06-06T10:47:21 IST" duration-ms="1118" status="PASS">
          <reporter-output>
          </reporter-output>
        </test-method> <!-- tearDown -->
      </class> <!-- com.nixonex.tests.LoginTest -->
    </test> <!-- Firefox Tests -->
  </suite> <!-- Nixonex E-Commerce Test Suite -->
</testng-results>
