<?xml version="1.0" encoding="UTF-8"?>
<testng-results ignored="0" total="12" passed="12" failed="0" skipped="0">
  <reporter-output>
  </reporter-output>
  <suite started-at="2025-06-09T11:09:53 IST" name="Nixonex E-Commerce Test Suite" finished-at="2025-06-09T11:13:19 IST" duration-ms="206703">
    <groups>
    </groups>
    <test started-at="2025-06-09T11:09:53 IST" name="Chrome Tests" finished-at="2025-06-09T11:11:27 IST" duration-ms="94453">
      <class name="com.nixonex.tests.ProductSearchTest">
        <test-method is-config="true" signature="setUp(java.lang.String)[pri:0, instance:com.nixonex.tests.ProductSearchTest@52b1beb6]" started-at="2025-06-09T11:10:10 IST" name="setUp" finished-at="2025-06-09T11:10:12 IST" duration-ms="2549" status="PASS">
          <params>
            <param index="0">
              <value>
                <![CDATA[chrome]]>
              </value>
            </param>
          </params>
          <reporter-output>
          </reporter-output>
        </test-method> <!-- setUp -->
        <test-method signature="testBrowseAndSelectProduct()[pri:0, instance:com.nixonex.tests.ProductSearchTest@52b1beb6]" started-at="2025-06-09T11:10:12 IST" name="testBrowseAndSelectProduct" finished-at="2025-06-09T11:10:22 IST" duration-ms="9432" status="PASS">
          <reporter-output>
          </reporter-output>
        </test-method> <!-- testBrowseAndSelectProduct -->
        <test-method is-config="true" signature="tearDown()[pri:0, instance:com.nixonex.tests.ProductSearchTest@52b1beb6]" started-at="2025-06-09T11:10:22 IST" name="tearDown" finished-at="2025-06-09T11:10:23 IST" duration-ms="1828" status="PASS">
          <reporter-output>
          </reporter-output>
        </test-method> <!-- tearDown -->
      </class> <!-- com.nixonex.tests.ProductSearchTest -->
      <class name="com.nixonex.tests.CheckOutTest">
        <test-method is-config="true" signature="setUp(java.lang.String)[pri:0, instance:com.nixonex.tests.CheckOutTest@7db12bb6]" started-at="2025-06-09T11:10:40 IST" name="setUp" finished-at="2025-06-09T11:10:43 IST" duration-ms="2774" status="PASS">
          <params>
            <param index="0">
              <value>
                <![CDATA[chrome]]>
              </value>
            </param>
          </params>
          <reporter-output>
          </reporter-output>
        </test-method> <!-- setUp -->
        <test-method signature="testCheckoutProcess()[pri:0, instance:com.nixonex.tests.CheckOutTest@7db12bb6]" started-at="2025-06-09T11:10:43 IST" name="testCheckoutProcess" finished-at="2025-06-09T11:10:59 IST" duration-ms="15880" status="PASS">
          <reporter-output>
          </reporter-output>
        </test-method> <!-- testCheckoutProcess -->
        <test-method is-config="true" signature="tearDown()[pri:0, instance:com.nixonex.tests.CheckOutTest@7db12bb6]" started-at="2025-06-09T11:10:59 IST" name="tearDown" finished-at="2025-06-09T11:10:59 IST" duration-ms="265" status="PASS">
          <reporter-output>
          </reporter-output>
        </test-method> <!-- tearDown -->
      </class> <!-- com.nixonex.tests.CheckOutTest -->
      <class name="com.nixonex.tests.AddToCartTest">
        <test-method is-config="true" signature="setUp(java.lang.String)[pri:0, instance:com.nixonex.tests.AddToCartTest@273e7444]" started-at="2025-06-09T11:10:23 IST" name="setUp" finished-at="2025-06-09T11:10:26 IST" duration-ms="2822" status="PASS">
          <params>
            <param index="0">
              <value>
                <![CDATA[chrome]]>
              </value>
            </param>
          </params>
          <reporter-output>
          </reporter-output>
        </test-method> <!-- setUp -->
        <test-method signature="testAddProductToCart()[pri:0, instance:com.nixonex.tests.AddToCartTest@273e7444]" started-at="2025-06-09T11:10:26 IST" name="testAddProductToCart" finished-at="2025-06-09T11:10:38 IST" duration-ms="11813" status="PASS">
          <reporter-output>
          </reporter-output>
        </test-method> <!-- testAddProductToCart -->
        <test-method is-config="true" signature="tearDown()[pri:0, instance:com.nixonex.tests.AddToCartTest@273e7444]" started-at="2025-06-09T11:10:38 IST" name="tearDown" finished-at="2025-06-09T11:10:40 IST" duration-ms="1833" status="PASS">
          <reporter-output>
          </reporter-output>
        </test-method> <!-- tearDown -->
      </class> <!-- com.nixonex.tests.AddToCartTest -->
      <class name="com.nixonex.tests.EndToEndTest">
        <test-method is-config="true" signature="setUp(java.lang.String)[pri:0, instance:com.nixonex.tests.EndToEndTest@783a467b]" started-at="2025-06-09T11:10:59 IST" name="setUp" finished-at="2025-06-09T11:11:01 IST" duration-ms="2122" status="PASS">
          <params>
            <param index="0">
              <value>
                <![CDATA[chrome]]>
              </value>
            </param>
          </params>
          <reporter-output>
          </reporter-output>
        </test-method> <!-- setUp -->
        <test-method signature="nixonnexEndToEndTest()[pri:0, instance:com.nixonex.tests.EndToEndTest@783a467b]" started-at="2025-06-09T11:11:01 IST" name="nixonnexEndToEndTest" finished-at="2025-06-09T11:11:27 IST" duration-ms="25838" status="PASS">
          <reporter-output>
          </reporter-output>
        </test-method> <!-- nixonnexEndToEndTest -->
        <test-method is-config="true" signature="tearDown()[pri:0, instance:com.nixonex.tests.EndToEndTest@783a467b]" started-at="2025-06-09T11:11:27 IST" name="tearDown" finished-at="2025-06-09T11:11:27 IST" duration-ms="290" status="PASS">
          <reporter-output>
          </reporter-output>
        </test-method> <!-- tearDown -->
      </class> <!-- com.nixonex.tests.EndToEndTest -->
      <class name="com.nixonex.tests.RegisterTest">
        <test-method is-config="true" signature="setUp(java.lang.String)[pri:0, instance:com.nixonex.tests.RegisterTest@5b03b9fe]" started-at="2025-06-09T11:09:53 IST" name="setUp" finished-at="2025-06-09T11:09:56 IST" duration-ms="3107" status="PASS">
          <params>
            <param index="0">
              <value>
                <![CDATA[chrome]]>
              </value>
            </param>
          </params>
          <reporter-output>
          </reporter-output>
        </test-method> <!-- setUp -->
        <test-method signature="testUserRegistration()[pri:0, instance:com.nixonex.tests.RegisterTest@5b03b9fe]" started-at="2025-06-09T11:09:56 IST" name="testUserRegistration" finished-at="2025-06-09T11:10:00 IST" duration-ms="4043" status="PASS">
          <reporter-output>
          </reporter-output>
        </test-method> <!-- testUserRegistration -->
        <test-method is-config="true" signature="tearDown()[pri:0, instance:com.nixonex.tests.RegisterTest@5b03b9fe]" started-at="2025-06-09T11:10:00 IST" name="tearDown" finished-at="2025-06-09T11:10:00 IST" duration-ms="374" status="PASS">
          <reporter-output>
          </reporter-output>
        </test-method> <!-- tearDown -->
      </class> <!-- com.nixonex.tests.RegisterTest -->
      <class name="com.nixonex.tests.LoginTest">
        <test-method is-config="true" signature="setUp(java.lang.String)[pri:0, instance:com.nixonex.tests.LoginTest@53aac487]" started-at="2025-06-09T11:10:00 IST" name="setUp" finished-at="2025-06-09T11:10:03 IST" duration-ms="2346" status="PASS">
          <params>
            <param index="0">
              <value>
                <![CDATA[chrome]]>
              </value>
            </param>
          </params>
          <reporter-output>
          </reporter-output>
        </test-method> <!-- setUp -->
        <test-method signature="testValidLogin()[pri:0, instance:com.nixonex.tests.LoginTest@53aac487]" started-at="2025-06-09T11:10:03 IST" name="testValidLogin" finished-at="2025-06-09T11:10:09 IST" duration-ms="6813" status="PASS">
          <reporter-output>
          </reporter-output>
        </test-method> <!-- testValidLogin -->
        <test-method is-config="true" signature="tearDown()[pri:0, instance:com.nixonex.tests.LoginTest@53aac487]" started-at="2025-06-09T11:10:09 IST" name="tearDown" finished-at="2025-06-09T11:10:10 IST" duration-ms="268" status="PASS">
          <reporter-output>
          </reporter-output>
        </test-method> <!-- tearDown -->
      </class> <!-- com.nixonex.tests.LoginTest -->
    </test> <!-- Chrome Tests -->
    <test started-at="2025-06-09T11:11:27 IST" name="Firefox Tests" finished-at="2025-06-09T11:13:19 IST" duration-ms="112221">
      <class name="com.nixonex.tests.CheckOutTest">
        <test-method is-config="true" signature="setUp(java.lang.String)[pri:0, instance:com.nixonex.tests.CheckOutTest@3646a422]" started-at="2025-06-09T11:12:24 IST" name="setUp" finished-at="2025-06-09T11:12:30 IST" duration-ms="5145" status="PASS">
          <params>
            <param index="0">
              <value>
                <![CDATA[firefox]]>
              </value>
            </param>
          </params>
          <reporter-output>
          </reporter-output>
        </test-method> <!-- setUp -->
        <test-method signature="testCheckoutProcess()[pri:0, instance:com.nixonex.tests.CheckOutTest@3646a422]" started-at="2025-06-09T11:12:30 IST" name="testCheckoutProcess" finished-at="2025-06-09T11:12:46 IST" duration-ms="16078" status="PASS">
          <reporter-output>
          </reporter-output>
        </test-method> <!-- testCheckoutProcess -->
        <test-method is-config="true" signature="tearDown()[pri:0, instance:com.nixonex.tests.CheckOutTest@3646a422]" started-at="2025-06-09T11:12:46 IST" name="tearDown" finished-at="2025-06-09T11:12:47 IST" duration-ms="1061" status="PASS">
          <reporter-output>
          </reporter-output>
        </test-method> <!-- tearDown -->
      </class> <!-- com.nixonex.tests.CheckOutTest -->
      <class name="com.nixonex.tests.ProductSearchTest">
        <test-method is-config="true" signature="setUp(java.lang.String)[pri:0, instance:com.nixonex.tests.ProductSearchTest@2892d68]" started-at="2025-06-09T11:11:51 IST" name="setUp" finished-at="2025-06-09T11:11:56 IST" duration-ms="4838" status="PASS">
          <params>
            <param index="0">
              <value>
                <![CDATA[firefox]]>
              </value>
            </param>
          </params>
          <reporter-output>
          </reporter-output>
        </test-method> <!-- setUp -->
        <test-method signature="testBrowseAndSelectProduct()[pri:0, instance:com.nixonex.tests.ProductSearchTest@2892d68]" started-at="2025-06-09T11:11:56 IST" name="testBrowseAndSelectProduct" finished-at="2025-06-09T11:12:06 IST" duration-ms="9464" status="PASS">
          <reporter-output>
          </reporter-output>
        </test-method> <!-- testBrowseAndSelectProduct -->
        <test-method is-config="true" signature="tearDown()[pri:0, instance:com.nixonex.tests.ProductSearchTest@2892d68]" started-at="2025-06-09T11:12:06 IST" name="tearDown" finished-at="2025-06-09T11:12:06 IST" duration-ms="967" status="PASS">
          <reporter-output>
          </reporter-output>
        </test-method> <!-- tearDown -->
      </class> <!-- com.nixonex.tests.ProductSearchTest -->
      <class name="com.nixonex.tests.AddToCartTest">
        <test-method is-config="true" signature="setUp(java.lang.String)[pri:0, instance:com.nixonex.tests.AddToCartTest@5ab956d7]" started-at="2025-06-09T11:12:06 IST" name="setUp" finished-at="2025-06-09T11:12:12 IST" duration-ms="5108" status="PASS">
          <params>
            <param index="0">
              <value>
                <![CDATA[firefox]]>
              </value>
            </param>
          </params>
          <reporter-output>
          </reporter-output>
        </test-method> <!-- setUp -->
        <test-method signature="testAddProductToCart()[pri:0, instance:com.nixonex.tests.AddToCartTest@5ab956d7]" started-at="2025-06-09T11:12:12 IST" name="testAddProductToCart" finished-at="2025-06-09T11:12:23 IST" duration-ms="11873" status="PASS">
          <reporter-output>
          </reporter-output>
        </test-method> <!-- testAddProductToCart -->
        <test-method is-config="true" signature="tearDown()[pri:0, instance:com.nixonex.tests.AddToCartTest@5ab956d7]" started-at="2025-06-09T11:12:23 IST" name="tearDown" finished-at="2025-06-09T11:12:24 IST" duration-ms="906" status="PASS">
          <reporter-output>
          </reporter-output>
        </test-method> <!-- tearDown -->
      </class> <!-- com.nixonex.tests.AddToCartTest -->
      <class name="com.nixonex.tests.EndToEndTest">
        <test-method is-config="true" signature="setUp(java.lang.String)[pri:0, instance:com.nixonex.tests.EndToEndTest@750e2b97]" started-at="2025-06-09T11:12:47 IST" name="setUp" finished-at="2025-06-09T11:12:52 IST" duration-ms="5065" status="PASS">
          <params>
            <param index="0">
              <value>
                <![CDATA[firefox]]>
              </value>
            </param>
          </params>
          <reporter-output>
          </reporter-output>
        </test-method> <!-- setUp -->
        <test-method signature="nixonnexEndToEndTest()[pri:0, instance:com.nixonex.tests.EndToEndTest@750e2b97]" started-at="2025-06-09T11:12:52 IST" name="nixonnexEndToEndTest" finished-at="2025-06-09T11:13:18 IST" duration-ms="26564" status="PASS">
          <reporter-output>
          </reporter-output>
        </test-method> <!-- nixonnexEndToEndTest -->
        <test-method is-config="true" signature="tearDown()[pri:0, instance:com.nixonex.tests.EndToEndTest@750e2b97]" started-at="2025-06-09T11:13:18 IST" name="tearDown" finished-at="2025-06-09T11:13:19 IST" duration-ms="1060" status="PASS">
          <reporter-output>
          </reporter-output>
        </test-method> <!-- tearDown -->
      </class> <!-- com.nixonex.tests.EndToEndTest -->
      <class name="com.nixonex.tests.RegisterTest">
        <test-method is-config="true" signature="setUp(java.lang.String)[pri:0, instance:com.nixonex.tests.RegisterTest@4145bad8]" started-at="2025-06-09T11:11:27 IST" name="setUp" finished-at="2025-06-09T11:11:32 IST" duration-ms="5307" status="PASS">
          <params>
            <param index="0">
              <value>
                <![CDATA[firefox]]>
              </value>
            </param>
          </params>
          <reporter-output>
          </reporter-output>
        </test-method> <!-- setUp -->
        <test-method signature="testUserRegistration()[pri:0, instance:com.nixonex.tests.RegisterTest@4145bad8]" started-at="2025-06-09T11:11:32 IST" name="testUserRegistration" finished-at="2025-06-09T11:11:37 IST" duration-ms="4457" status="PASS">
          <reporter-output>
          </reporter-output>
        </test-method> <!-- testUserRegistration -->
        <test-method is-config="true" signature="tearDown()[pri:0, instance:com.nixonex.tests.RegisterTest@4145bad8]" started-at="2025-06-09T11:11:37 IST" name="tearDown" finished-at="2025-06-09T11:11:38 IST" duration-ms="1094" status="PASS">
          <reporter-output>
          </reporter-output>
        </test-method> <!-- tearDown -->
      </class> <!-- com.nixonex.tests.RegisterTest -->
      <class name="com.nixonex.tests.LoginTest">
        <test-method is-config="true" signature="setUp(java.lang.String)[pri:0, instance:com.nixonex.tests.LoginTest@d86a6f]" started-at="2025-06-09T11:11:38 IST" name="setUp" finished-at="2025-06-09T11:11:43 IST" duration-ms="5264" status="PASS">
          <params>
            <param index="0">
              <value>
                <![CDATA[firefox]]>
              </value>
            </param>
          </params>
          <reporter-output>
          </reporter-output>
        </test-method> <!-- setUp -->
        <test-method signature="testValidLogin()[pri:0, instance:com.nixonex.tests.LoginTest@d86a6f]" started-at="2025-06-09T11:11:43 IST" name="testValidLogin" finished-at="2025-06-09T11:11:50 IST" duration-ms="6866" status="PASS">
          <reporter-output>
          </reporter-output>
        </test-method> <!-- testValidLogin -->
        <test-method is-config="true" signature="tearDown()[pri:0, instance:com.nixonex.tests.LoginTest@d86a6f]" started-at="2025-06-09T11:11:50 IST" name="tearDown" finished-at="2025-06-09T11:11:51 IST" duration-ms="1083" status="PASS">
          <reporter-output>
          </reporter-output>
        </test-method> <!-- tearDown -->
      </class> <!-- com.nixonex.tests.LoginTest -->
    </test> <!-- Firefox Tests -->
  </suite> <!-- Nixonex E-Commerce Test Suite -->
</testng-results>
